<?xml version="1.0" encoding="UTF-8"?>
<!-- Generated by org.testng.reporters.JUnitXMLReporter -->
<testsuite ignored="3" hostname="LAPTOP-9VS728M4" failures="0" tests="4" name="Test1" time="0.138" errors="0" timestamp="2023-06-26T17:11:02 IST">
  <testcase classname="assignement.Question13" name="green_red" time="0.026"/>
  <testcase classname="assignement.Question13" name="red1" time="0.002"/>
  <testcase classname="assignement.Question13" name="red12" time="0.003"/>
  <testcase classname="assignement.Question13" name="red3" time="0.003"/>
  <testcase classname="assignement.Question13" name="green3" time="0.0">
    <ignored/>
  </testcase> <!-- green3 -->
  <testcase classname="assignement.Question13" name="green1" time="0.0">
    <ignored/>
  </testcase> <!-- green1 -->
  <testcase classname="assignement.Question13" name="green2" time="0.0">
    <ignored/>
  </testcase> <!-- green2 -->
</testsuite> <!-- Test1 -->
