<?xml version="1.0" encoding="UTF-8"?>
<testng-results ignored="0" total="1" passed="1" failed="0" skipped="0">
  <reporter-output>
  </reporter-output>
  <suite started-at="2023-06-26T18:41:02 IST" name="Default suite" finished-at="2023-06-26T18:41:16 IST" duration-ms="13222">
    <groups>
    </groups>
    <test started-at="2023-06-26T18:41:02 IST" name="Default test" finished-at="2023-06-26T18:41:16 IST" duration-ms="13222">
      <class name="assignement.Question14">
        <test-method signature="login(java.lang.String,java.lang.String)[pri:0, instance:assignement.Question14@be35cd9]" started-at="2023-06-26T18:41:03 IST" name="login" data-provider="sahil" finished-at="2023-06-26T18:41:16 IST" duration-ms="13106" status="PASS">
          <params>
            <param index="0">
              <value>
                <![CDATA[test1]]>
              </value>
            </param>
            <param index="1">
              <value>
                <![CDATA[test123]]>
              </value>
            </param>
          </params>
          <reporter-output>
          </reporter-output>
        </test-method> <!-- login -->
      </class> <!-- assignement.Question14 -->
    </test> <!-- Default test -->
  </suite> <!-- Default suite -->
</testng-results>
